<?xml version="1.0" encoding="UTF-8"?>
<!-- Generated by org.testng.reporters.JUnitReportReporter -->
<testsuite skipped="0" hostname="DESKTOP-P48RHB2" name="createScreen.setup" tests="1" failures="0" timestamp="2019-10-14T09:57:46 ICT" time="14.618" errors="0">
  <testcase name="start" time="14.618" classname="createScreen.setup"/>
</testsuite> <!-- createScreen.setup -->
