<?xml version="1.0" encoding="UTF-8"?>
<!-- Generated by org.testng.reporters.JUnitReportReporter -->
<testsuite skipped="4" hostname="LAPTOP-OKLK235S"
	name="setup.checkUI" tests="7" failures="0"
	timestamp="10 May 2019 10:29:04 GMT" time="1.193" errors="0">
	<testcase name="buttonDefaultQualiy" time="1.055"
		classname="setup.checkUI" />
	<testcase name="buttonPause" time="0.002"
		classname="setup.checkUI" />
	<testcase name="doubleClickQualityButton" time="0.136"
		classname="setup.checkUI" />
	<testcase name="defaultName" classname="setup.checkUI">
		<skipped />
	</testcase> <!-- defaultName -->
	<testcase name="defaultTimeRecord" classname="setup.checkUI">
		<skipped />
	</testcase> <!-- defaultTimeRecord -->
	<testcase name="buttonStart" classname="setup.checkUI">
		<skipped />
	</testcase> <!-- buttonStart -->
	<testcase name="iconSetting" classname="setup.checkUI">
		<skipped />
	</testcase> <!-- iconSetting -->
</testsuite> <!-- setup.checkUI -->
