<?xml version="1.0" encoding="UTF-8"?>
<!-- Generated by org.testng.reporters.JUnitReportReporter -->
<testsuite skipped="0" hostname="DESKTOP-P48RHB2" name="createScreen.draft" tests="1" failures="0" timestamp="2019-10-16T14:35:49 ICT" time="0.044" errors="0">
  <testcase name="main" time="0.044" classname="createScreen.draft"/>
</testsuite> <!-- createScreen.draft -->
