<?xml version="1.0" encoding="UTF-8"?>
<!-- Generated by org.testng.reporters.JUnitReportReporter -->
<testsuite skipped="0" hostname="LAPTOP-OKLK235S"
	name="createScreen.checkFunctions" tests="3" failures="0"
	timestamp="15 May 2019 08:52:03 GMT" time="75.014" errors="0">
	<testcase name="createRecord" time="66.538"
		classname="createScreen.checkFunctions" />
	<testcase name="EOMoveScreen" time="3.984"
		classname="createScreen.checkFunctions" />
	<testcase name="EOSavedRecord" time="4.492"
		classname="createScreen.checkFunctions" />
</testsuite> <!-- createScreen.checkFunctions -->
