<?xml version="1.0" encoding="UTF-8"?>
<!-- Generated by org.testng.reporters.JUnitReportReporter -->
<testsuite skipped="0" hostname="LAPTOP-OKLK235S"
	name="createScreen.checkFunctionCreateUserDefined" tests="3"
	failures="0" timestamp="17 May 2019 04:06:43 GMT" time="42.811"
	errors="3">
	<testcase name="createSteps" time="31.087"
		classname="createScreen.checkFunctionCreateUserDefined">
		<error type="org.openqa.selenium.NoSuchElementException"
			message="An element could not be located on the page using the given search parameters.
For documentation on this error, please visit: https://www.seleniumhq.org/exceptions/no_such_element.html
Build info: version: &#039;3.141.59&#039;, revision: &#039;e82be7d358&#039;, time: &#039;2018-11-14T08:25:53&#039;
System info: host: &#039;LAPTOP-OKLK235S&#039;, ip: &#039;192.168.201.68&#039;, os.name: &#039;Windows 10&#039;, os.arch: &#039;amd64&#039;, os.version: &#039;10.0&#039;, java.version: &#039;1.8.0_201&#039;
Driver info: io.appium.java_client.android.AndroidDriver
Capabilities {app: H:\VoiceChangerAudioEffects..., appActivity: com.supereffect.voicechange..., appPackage: com.supereffect.voicechanger, appWaitActivity: com.supereffect.voicechange..., appWaitPackage: com.supereffect.voicechanger, autoGrantPermissions: true, automatioName: UiAutomator2, databaseEnabled: false, desired: {app: H:\VoiceChangerAudioEffects..., autoGrantPermissions: true, automatioName: UiAutomator2, deviceName: Nemo, fullReset: false, newCommandTimeout: 600, noReset: true, platformName: android, platformVersion: 5.0.2, udid: fe0ecacb}, deviceManufacturer: samsung, deviceModel: SM-A300H, deviceName: fe0ecacb, deviceScreenSize: 540x960, deviceUDID: fe0ecacb, fullReset: false, javascriptEnabled: true, locationContextEnabled: false, networkConnectionEnabled: true, newCommandTimeout: 600, noReset: true, platform: LINUX, platformName: Android, platformVersion: 5.0.2, takesScreenshot: true, udid: fe0ecacb, warnings: {}, webStorageEnabled: false}
Session ID: b975f919-0fdc-4b68-9de3-a131c0a5f050
*** Element info: {Using=id, value=com.supereffect.voicechanger:id/ok}">
      <![CDATA[org.openqa.selenium.NoSuchElementException: An element could not be located on the page using the given search parameters.
For documentation on this error, please visit: https://www.seleniumhq.org/exceptions/no_such_element.html
Build info: version: '3.141.59', revision: 'e82be7d358', time: '2018-11-14T08:25:53'
System info: host: 'LAPTOP-OKLK235S', ip: '192.168.201.68', os.name: 'Windows 10', os.arch: 'amd64', os.version: '10.0', java.version: '1.8.0_201'
Driver info: io.appium.java_client.android.AndroidDriver
Capabilities {app: H:\VoiceChangerAudioEffects..., appActivity: com.supereffect.voicechange..., appPackage: com.supereffect.voicechanger, appWaitActivity: com.supereffect.voicechange..., appWaitPackage: com.supereffect.voicechanger, autoGrantPermissions: true, automatioName: UiAutomator2, databaseEnabled: false, desired: {app: H:\VoiceChangerAudioEffects..., autoGrantPermissions: true, automatioName: UiAutomator2, deviceName: Nemo, fullReset: false, newCommandTimeout: 600, noReset: true, platformName: android, platformVersion: 5.0.2, udid: fe0ecacb}, deviceManufacturer: samsung, deviceModel: SM-A300H, deviceName: fe0ecacb, deviceScreenSize: 540x960, deviceUDID: fe0ecacb, fullReset: false, javascriptEnabled: true, locationContextEnabled: false, networkConnectionEnabled: true, newCommandTimeout: 600, noReset: true, platform: LINUX, platformName: Android, platformVersion: 5.0.2, takesScreenshot: true, udid: fe0ecacb, warnings: {}, webStorageEnabled: false}
Session ID: b975f919-0fdc-4b68-9de3-a131c0a5f050
*** Element info: {Using=id, value=com.supereffect.voicechanger:id/ok}
at sun.reflect.NativeConstructorAccessorImpl.newInstance0(Native Method)
at sun.reflect.NativeConstructorAccessorImpl.newInstance(Unknown Source)
at sun.reflect.DelegatingConstructorAccessorImpl.newInstance(Unknown Source)
at java.lang.reflect.Constructor.newInstance(Unknown Source)
at org.openqa.selenium.remote.http.W3CHttpResponseCodec.createException(W3CHttpResponseCodec.java:187)
at org.openqa.selenium.remote.http.W3CHttpResponseCodec.decode(W3CHttpResponseCodec.java:122)
at org.openqa.selenium.remote.http.W3CHttpResponseCodec.decode(W3CHttpResponseCodec.java:49)
at org.openqa.selenium.remote.HttpCommandExecutor.execute(HttpCommandExecutor.java:158)
at io.appium.java_client.remote.AppiumCommandExecutor.execute(AppiumCommandExecutor.java:239)
at org.openqa.selenium.remote.RemoteWebDriver.execute(RemoteWebDriver.java:552)
at io.appium.java_client.DefaultGenericMobileDriver.execute(DefaultGenericMobileDriver.java:42)
at io.appium.java_client.AppiumDriver.execute(AppiumDriver.java:1)
at io.appium.java_client.android.AndroidDriver.execute(AndroidDriver.java:1)
at org.openqa.selenium.remote.RemoteWebDriver.findElement(RemoteWebDriver.java:323)
at io.appium.java_client.DefaultGenericMobileDriver.findElement(DefaultGenericMobileDriver.java:62)
at io.appium.java_client.AppiumDriver.findElement(AppiumDriver.java:1)
at io.appium.java_client.android.AndroidDriver.findElement(AndroidDriver.java:1)
at org.openqa.selenium.remote.RemoteWebDriver.findElementById(RemoteWebDriver.java:372)
at io.appium.java_client.DefaultGenericMobileDriver.findElementById(DefaultGenericMobileDriver.java:70)
at io.appium.java_client.AppiumDriver.findElementById(AppiumDriver.java:1)
at io.appium.java_client.android.AndroidDriver.findElementById(AndroidDriver.java:1)
at org.openqa.selenium.By$ById.findElement(By.java:188)
at org.openqa.selenium.remote.RemoteWebDriver.findElement(RemoteWebDriver.java:315)
at io.appium.java_client.DefaultGenericMobileDriver.findElement(DefaultGenericMobileDriver.java:58)
at io.appium.java_client.AppiumDriver.findElement(AppiumDriver.java:1)
at io.appium.java_client.android.AndroidDriver.findElement(AndroidDriver.java:1)
at createScreen.checkFunctionCreateUserDefined.createSteps(checkFunctionCreateUserDefined.java:63)
at sun.reflect.NativeMethodAccessorImpl.invoke0(Native Method)
at sun.reflect.NativeMethodAccessorImpl.invoke(Unknown Source)
at sun.reflect.DelegatingMethodAccessorImpl.invoke(Unknown Source)
at java.lang.reflect.Method.invoke(Unknown Source)
at org.testng.internal.MethodInvocationHelper.invokeMethod(MethodInvocationHelper.java:124)
at org.testng.internal.Invoker.invokeMethod(Invoker.java:583)
at org.testng.internal.Invoker.invokeTestMethod(Invoker.java:719)
at org.testng.internal.Invoker.invokeTestMethods(Invoker.java:989)
at org.testng.internal.TestMethodWorker.invokeTestMethods(TestMethodWorker.java:125)
at org.testng.internal.TestMethodWorker.run(TestMethodWorker.java:109)
at org.testng.TestRunner.privateRun(TestRunner.java:648)
at org.testng.TestRunner.run(TestRunner.java:505)
at org.testng.SuiteRunner.runTest(SuiteRunner.java:455)
at org.testng.SuiteRunner.runSequentially(SuiteRunner.java:450)
at org.testng.SuiteRunner.privateRun(SuiteRunner.java:415)
at org.testng.SuiteRunner.run(SuiteRunner.java:364)
at org.testng.SuiteRunnerWorker.runSuite(SuiteRunnerWorker.java:52)
at org.testng.SuiteRunnerWorker.run(SuiteRunnerWorker.java:84)
at org.testng.TestNG.runSuitesSequentially(TestNG.java:1208)
at org.testng.TestNG.runSuitesLocally(TestNG.java:1137)
at org.testng.TestNG.runSuites(TestNG.java:1049)
at org.testng.TestNG.run(TestNG.java:1017)
at org.testng.remote.AbstractRemoteTestNG.run(AbstractRemoteTestNG.java:115)
at org.testng.remote.RemoteTestNG.initAndRun(RemoteTestNG.java:251)
at org.testng.remote.RemoteTestNG.main(RemoteTestNG.java:77)
]]>
		</error>
	</testcase> <!-- createSteps -->
	<testcase name="checkEOMoveScreen" time="5.425"
		classname="createScreen.checkFunctionCreateUserDefined">
		<error type="org.openqa.selenium.NoSuchElementException"
			message="An element could not be located on the page using the given search parameters.
For documentation on this error, please visit: https://www.seleniumhq.org/exceptions/no_such_element.html
Build info: version: &#039;3.141.59&#039;, revision: &#039;e82be7d358&#039;, time: &#039;2018-11-14T08:25:53&#039;
System info: host: &#039;LAPTOP-OKLK235S&#039;, ip: &#039;192.168.201.68&#039;, os.name: &#039;Windows 10&#039;, os.arch: &#039;amd64&#039;, os.version: &#039;10.0&#039;, java.version: &#039;1.8.0_201&#039;
Driver info: io.appium.java_client.android.AndroidDriver
Capabilities {app: H:\VoiceChangerAudioEffects..., appActivity: com.supereffect.voicechange..., appPackage: com.supereffect.voicechanger, appWaitActivity: com.supereffect.voicechange..., appWaitPackage: com.supereffect.voicechanger, autoGrantPermissions: true, automatioName: UiAutomator2, databaseEnabled: false, desired: {app: H:\VoiceChangerAudioEffects..., autoGrantPermissions: true, automatioName: UiAutomator2, deviceName: Nemo, fullReset: false, newCommandTimeout: 600, noReset: true, platformName: android, platformVersion: 5.0.2, udid: fe0ecacb}, deviceManufacturer: samsung, deviceModel: SM-A300H, deviceName: fe0ecacb, deviceScreenSize: 540x960, deviceUDID: fe0ecacb, fullReset: false, javascriptEnabled: true, locationContextEnabled: false, networkConnectionEnabled: true, newCommandTimeout: 600, noReset: true, platform: LINUX, platformName: Android, platformVersion: 5.0.2, takesScreenshot: true, udid: fe0ecacb, warnings: {}, webStorageEnabled: false}
Session ID: b975f919-0fdc-4b68-9de3-a131c0a5f050
*** Element info: {Using=xpath, value=/hierarchy/android.widget.FrameLayout/android.widget.LinearLayout/android.widget.FrameLayout/android.widget.LinearLayout/android.widget.FrameLayout/android.widget.RelativeLayout/android.widget.LinearLayout/android.widget.LinearLayout/android.view.View/android.widget.TextView}">
      <![CDATA[org.openqa.selenium.NoSuchElementException: An element could not be located on the page using the given search parameters.
For documentation on this error, please visit: https://www.seleniumhq.org/exceptions/no_such_element.html
Build info: version: '3.141.59', revision: 'e82be7d358', time: '2018-11-14T08:25:53'
System info: host: 'LAPTOP-OKLK235S', ip: '192.168.201.68', os.name: 'Windows 10', os.arch: 'amd64', os.version: '10.0', java.version: '1.8.0_201'
Driver info: io.appium.java_client.android.AndroidDriver
Capabilities {app: H:\VoiceChangerAudioEffects..., appActivity: com.supereffect.voicechange..., appPackage: com.supereffect.voicechanger, appWaitActivity: com.supereffect.voicechange..., appWaitPackage: com.supereffect.voicechanger, autoGrantPermissions: true, automatioName: UiAutomator2, databaseEnabled: false, desired: {app: H:\VoiceChangerAudioEffects..., autoGrantPermissions: true, automatioName: UiAutomator2, deviceName: Nemo, fullReset: false, newCommandTimeout: 600, noReset: true, platformName: android, platformVersion: 5.0.2, udid: fe0ecacb}, deviceManufacturer: samsung, deviceModel: SM-A300H, deviceName: fe0ecacb, deviceScreenSize: 540x960, deviceUDID: fe0ecacb, fullReset: false, javascriptEnabled: true, locationContextEnabled: false, networkConnectionEnabled: true, newCommandTimeout: 600, noReset: true, platform: LINUX, platformName: Android, platformVersion: 5.0.2, takesScreenshot: true, udid: fe0ecacb, warnings: {}, webStorageEnabled: false}
Session ID: b975f919-0fdc-4b68-9de3-a131c0a5f050
*** Element info: {Using=xpath, value=/hierarchy/android.widget.FrameLayout/android.widget.LinearLayout/android.widget.FrameLayout/android.widget.LinearLayout/android.widget.FrameLayout/android.widget.RelativeLayout/android.widget.LinearLayout/android.widget.LinearLayout/android.view.View/android.widget.TextView}
at sun.reflect.NativeConstructorAccessorImpl.newInstance0(Native Method)
at sun.reflect.NativeConstructorAccessorImpl.newInstance(Unknown Source)
at sun.reflect.DelegatingConstructorAccessorImpl.newInstance(Unknown Source)
at java.lang.reflect.Constructor.newInstance(Unknown Source)
at org.openqa.selenium.remote.http.W3CHttpResponseCodec.createException(W3CHttpResponseCodec.java:187)
at org.openqa.selenium.remote.http.W3CHttpResponseCodec.decode(W3CHttpResponseCodec.java:122)
at org.openqa.selenium.remote.http.W3CHttpResponseCodec.decode(W3CHttpResponseCodec.java:49)
at org.openqa.selenium.remote.HttpCommandExecutor.execute(HttpCommandExecutor.java:158)
at io.appium.java_client.remote.AppiumCommandExecutor.execute(AppiumCommandExecutor.java:239)
at org.openqa.selenium.remote.RemoteWebDriver.execute(RemoteWebDriver.java:552)
at io.appium.java_client.DefaultGenericMobileDriver.execute(DefaultGenericMobileDriver.java:42)
at io.appium.java_client.AppiumDriver.execute(AppiumDriver.java:1)
at io.appium.java_client.android.AndroidDriver.execute(AndroidDriver.java:1)
at org.openqa.selenium.remote.RemoteWebDriver.findElement(RemoteWebDriver.java:323)
at io.appium.java_client.DefaultGenericMobileDriver.findElement(DefaultGenericMobileDriver.java:62)
at io.appium.java_client.AppiumDriver.findElement(AppiumDriver.java:1)
at io.appium.java_client.android.AndroidDriver.findElement(AndroidDriver.java:1)
at org.openqa.selenium.remote.RemoteWebDriver.findElementByXPath(RemoteWebDriver.java:428)
at io.appium.java_client.DefaultGenericMobileDriver.findElementByXPath(DefaultGenericMobileDriver.java:152)
at io.appium.java_client.AppiumDriver.findElementByXPath(AppiumDriver.java:1)
at io.appium.java_client.android.AndroidDriver.findElementByXPath(AndroidDriver.java:1)
at createScreen.checkFunctionCreateUserDefined.checkEOMoveScreen(checkFunctionCreateUserDefined.java:94)
at sun.reflect.NativeMethodAccessorImpl.invoke0(Native Method)
at sun.reflect.NativeMethodAccessorImpl.invoke(Unknown Source)
at sun.reflect.DelegatingMethodAccessorImpl.invoke(Unknown Source)
at java.lang.reflect.Method.invoke(Unknown Source)
at org.testng.internal.MethodInvocationHelper.invokeMethod(MethodInvocationHelper.java:124)
at org.testng.internal.Invoker.invokeMethod(Invoker.java:583)
at org.testng.internal.Invoker.invokeTestMethod(Invoker.java:719)
at org.testng.internal.Invoker.invokeTestMethods(Invoker.java:989)
at org.testng.internal.TestMethodWorker.invokeTestMethods(TestMethodWorker.java:125)
at org.testng.internal.TestMethodWorker.run(TestMethodWorker.java:109)
at org.testng.TestRunner.privateRun(TestRunner.java:648)
at org.testng.TestRunner.run(TestRunner.java:505)
at org.testng.SuiteRunner.runTest(SuiteRunner.java:455)
at org.testng.SuiteRunner.runSequentially(SuiteRunner.java:450)
at org.testng.SuiteRunner.privateRun(SuiteRunner.java:415)
at org.testng.SuiteRunner.run(SuiteRunner.java:364)
at org.testng.SuiteRunnerWorker.runSuite(SuiteRunnerWorker.java:52)
at org.testng.SuiteRunnerWorker.run(SuiteRunnerWorker.java:84)
at org.testng.TestNG.runSuitesSequentially(TestNG.java:1208)
at org.testng.TestNG.runSuitesLocally(TestNG.java:1137)
at org.testng.TestNG.runSuites(TestNG.java:1049)
at org.testng.TestNG.run(TestNG.java:1017)
at org.testng.remote.AbstractRemoteTestNG.run(AbstractRemoteTestNG.java:115)
at org.testng.remote.RemoteTestNG.initAndRun(RemoteTestNG.java:251)
at org.testng.remote.RemoteTestNG.main(RemoteTestNG.java:77)
]]>
		</error>
	</testcase> <!-- checkEOMoveScreen -->
	<testcase name="checkEOSavedRecord" time="6.299"
		classname="createScreen.checkFunctionCreateUserDefined">
		<error type="org.openqa.selenium.NoSuchElementException"
			message="An element could not be located on the page using the given search parameters.
For documentation on this error, please visit: https://www.seleniumhq.org/exceptions/no_such_element.html
Build info: version: &#039;3.141.59&#039;, revision: &#039;e82be7d358&#039;, time: &#039;2018-11-14T08:25:53&#039;
System info: host: &#039;LAPTOP-OKLK235S&#039;, ip: &#039;192.168.201.68&#039;, os.name: &#039;Windows 10&#039;, os.arch: &#039;amd64&#039;, os.version: &#039;10.0&#039;, java.version: &#039;1.8.0_201&#039;
Driver info: io.appium.java_client.android.AndroidDriver
Capabilities {app: H:\VoiceChangerAudioEffects..., appActivity: com.supereffect.voicechange..., appPackage: com.supereffect.voicechanger, appWaitActivity: com.supereffect.voicechange..., appWaitPackage: com.supereffect.voicechanger, autoGrantPermissions: true, automatioName: UiAutomator2, databaseEnabled: false, desired: {app: H:\VoiceChangerAudioEffects..., autoGrantPermissions: true, automatioName: UiAutomator2, deviceName: Nemo, fullReset: false, newCommandTimeout: 600, noReset: true, platformName: android, platformVersion: 5.0.2, udid: fe0ecacb}, deviceManufacturer: samsung, deviceModel: SM-A300H, deviceName: fe0ecacb, deviceScreenSize: 540x960, deviceUDID: fe0ecacb, fullReset: false, javascriptEnabled: true, locationContextEnabled: false, networkConnectionEnabled: true, newCommandTimeout: 600, noReset: true, platform: LINUX, platformName: Android, platformVersion: 5.0.2, takesScreenshot: true, udid: fe0ecacb, warnings: {}, webStorageEnabled: false}
Session ID: b975f919-0fdc-4b68-9de3-a131c0a5f050
*** Element info: {Using=id, value=com.supereffect.voicechanger:id/myStudioButton}">
      <![CDATA[org.openqa.selenium.NoSuchElementException: An element could not be located on the page using the given search parameters.
For documentation on this error, please visit: https://www.seleniumhq.org/exceptions/no_such_element.html
Build info: version: '3.141.59', revision: 'e82be7d358', time: '2018-11-14T08:25:53'
System info: host: 'LAPTOP-OKLK235S', ip: '192.168.201.68', os.name: 'Windows 10', os.arch: 'amd64', os.version: '10.0', java.version: '1.8.0_201'
Driver info: io.appium.java_client.android.AndroidDriver
Capabilities {app: H:\VoiceChangerAudioEffects..., appActivity: com.supereffect.voicechange..., appPackage: com.supereffect.voicechanger, appWaitActivity: com.supereffect.voicechange..., appWaitPackage: com.supereffect.voicechanger, autoGrantPermissions: true, automatioName: UiAutomator2, databaseEnabled: false, desired: {app: H:\VoiceChangerAudioEffects..., autoGrantPermissions: true, automatioName: UiAutomator2, deviceName: Nemo, fullReset: false, newCommandTimeout: 600, noReset: true, platformName: android, platformVersion: 5.0.2, udid: fe0ecacb}, deviceManufacturer: samsung, deviceModel: SM-A300H, deviceName: fe0ecacb, deviceScreenSize: 540x960, deviceUDID: fe0ecacb, fullReset: false, javascriptEnabled: true, locationContextEnabled: false, networkConnectionEnabled: true, newCommandTimeout: 600, noReset: true, platform: LINUX, platformName: Android, platformVersion: 5.0.2, takesScreenshot: true, udid: fe0ecacb, warnings: {}, webStorageEnabled: false}
Session ID: b975f919-0fdc-4b68-9de3-a131c0a5f050
*** Element info: {Using=id, value=com.supereffect.voicechanger:id/myStudioButton}
at sun.reflect.NativeConstructorAccessorImpl.newInstance0(Native Method)
at sun.reflect.NativeConstructorAccessorImpl.newInstance(Unknown Source)
at sun.reflect.DelegatingConstructorAccessorImpl.newInstance(Unknown Source)
at java.lang.reflect.Constructor.newInstance(Unknown Source)
at org.openqa.selenium.remote.http.W3CHttpResponseCodec.createException(W3CHttpResponseCodec.java:187)
at org.openqa.selenium.remote.http.W3CHttpResponseCodec.decode(W3CHttpResponseCodec.java:122)
at org.openqa.selenium.remote.http.W3CHttpResponseCodec.decode(W3CHttpResponseCodec.java:49)
at org.openqa.selenium.remote.HttpCommandExecutor.execute(HttpCommandExecutor.java:158)
at io.appium.java_client.remote.AppiumCommandExecutor.execute(AppiumCommandExecutor.java:239)
at org.openqa.selenium.remote.RemoteWebDriver.execute(RemoteWebDriver.java:552)
at io.appium.java_client.DefaultGenericMobileDriver.execute(DefaultGenericMobileDriver.java:42)
at io.appium.java_client.AppiumDriver.execute(AppiumDriver.java:1)
at io.appium.java_client.android.AndroidDriver.execute(AndroidDriver.java:1)
at org.openqa.selenium.remote.RemoteWebDriver.findElement(RemoteWebDriver.java:323)
at io.appium.java_client.DefaultGenericMobileDriver.findElement(DefaultGenericMobileDriver.java:62)
at io.appium.java_client.AppiumDriver.findElement(AppiumDriver.java:1)
at io.appium.java_client.android.AndroidDriver.findElement(AndroidDriver.java:1)
at org.openqa.selenium.remote.RemoteWebDriver.findElementById(RemoteWebDriver.java:372)
at io.appium.java_client.DefaultGenericMobileDriver.findElementById(DefaultGenericMobileDriver.java:70)
at io.appium.java_client.AppiumDriver.findElementById(AppiumDriver.java:1)
at io.appium.java_client.android.AndroidDriver.findElementById(AndroidDriver.java:1)
at createScreen.checkFunctionCreateUserDefined.checkEOSavedRecord(checkFunctionCreateUserDefined.java:110)
at sun.reflect.NativeMethodAccessorImpl.invoke0(Native Method)
at sun.reflect.NativeMethodAccessorImpl.invoke(Unknown Source)
at sun.reflect.DelegatingMethodAccessorImpl.invoke(Unknown Source)
at java.lang.reflect.Method.invoke(Unknown Source)
at org.testng.internal.MethodInvocationHelper.invokeMethod(MethodInvocationHelper.java:124)
at org.testng.internal.Invoker.invokeMethod(Invoker.java:583)
at org.testng.internal.Invoker.invokeTestMethod(Invoker.java:719)
at org.testng.internal.Invoker.invokeTestMethods(Invoker.java:989)
at org.testng.internal.TestMethodWorker.invokeTestMethods(TestMethodWorker.java:125)
at org.testng.internal.TestMethodWorker.run(TestMethodWorker.java:109)
at org.testng.TestRunner.privateRun(TestRunner.java:648)
at org.testng.TestRunner.run(TestRunner.java:505)
at org.testng.SuiteRunner.runTest(SuiteRunner.java:455)
at org.testng.SuiteRunner.runSequentially(SuiteRunner.java:450)
at org.testng.SuiteRunner.privateRun(SuiteRunner.java:415)
at org.testng.SuiteRunner.run(SuiteRunner.java:364)
at org.testng.SuiteRunnerWorker.runSuite(SuiteRunnerWorker.java:52)
at org.testng.SuiteRunnerWorker.run(SuiteRunnerWorker.java:84)
at org.testng.TestNG.runSuitesSequentially(TestNG.java:1208)
at org.testng.TestNG.runSuitesLocally(TestNG.java:1137)
at org.testng.TestNG.runSuites(TestNG.java:1049)
at org.testng.TestNG.run(TestNG.java:1017)
at org.testng.remote.AbstractRemoteTestNG.run(AbstractRemoteTestNG.java:115)
at org.testng.remote.RemoteTestNG.initAndRun(RemoteTestNG.java:251)
at org.testng.remote.RemoteTestNG.main(RemoteTestNG.java:77)
]]>
		</error>
	</testcase> <!-- checkEOSavedRecord -->
</testsuite> <!-- createScreen.checkFunctionCreateUserDefined -->
