<?xml version="1.0" encoding="UTF-8"?>
<!-- Generated by org.testng.reporters.JUnitReportReporter -->
<testsuite skipped="0" hostname="DESKTOP-P48RHB2" name="createScreen.trial" tests="1" failures="0" timestamp="2019-10-16T14:46:35 ICT" time="1.070" errors="0">
  <testcase name="main" time="1.070" classname="createScreen.trial"/>
</testsuite> <!-- createScreen.trial -->
