<?xml version="1.0" encoding="UTF-8"?>
<!-- Generated by org.testng.reporters.JUnitReportReporter -->
<testsuite skipped="0" hostname="LAPTOP-OKLK235S"
	name="editEffect.checkUI" tests="1" failures="0"
	timestamp="21 May 2019 08:05:34 GMT" time="4.163" errors="0">
	<testcase name="checkTotalCount" time="4.163"
		classname="editEffect.checkUI" />
</testsuite> <!-- editEffect.checkUI -->
