<?xml version="1.0" encoding="UTF-8"?>
<!-- Generated by org.testng.reporters.JUnitReportReporter -->
<testsuite skipped="0" hostname="DESKTOP-P48RHB2" name="createScreen.RecordNameIsHTMLtags" tests="1" failures="0" timestamp="2019-10-04T10:56:53 ICT" time="17.853" errors="0">
  <testcase name="testNameIsEmpty" time="17.853" classname="createScreen.RecordNameIsHTMLtags"/>
</testsuite> <!-- createScreen.RecordNameIsHTMLtags -->
