<?xml version="1.0" encoding="UTF-8"?>
<!-- Generated by org.testng.reporters.JUnitReportReporter -->
<testsuite skipped="0" hostname="DESKTOP-P48RHB2" name="createScreen.RecordNameIsNull" tests="1" failures="0" timestamp="2019-10-04T10:27:44 ICT" time="16.231" errors="0">
  <testcase name="testNameIsNull" time="16.231" classname="createScreen.RecordNameIsNull"/>
</testsuite> <!-- createScreen.RecordNameIsNull -->
