<?xml version="1.0" encoding="UTF-8"?>
<!-- Generated by org.testng.reporters.JUnitReportReporter -->
<testsuite skipped="0" hostname="DESKTOP-P48RHB2" name="createScreen.checkFunctionCreateUserDefined" tests="3" failures="0" timestamp="2019-10-16T16:29:32 ICT" time="47.397" errors="0">
  <testcase name="createSteps" time="37.855" classname="createScreen.checkFunctionCreateUserDefined"/>
  <testcase name="checkEOMoveScreen" time="2.574" classname="createScreen.checkFunctionCreateUserDefined"/>
  <testcase name="checkEOSavedRecord" time="6.968" classname="createScreen.checkFunctionCreateUserDefined"/>
</testsuite> <!-- createScreen.checkFunctionCreateUserDefined -->
