<?xml version="1.0" encoding="UTF-8"?>
<!-- Generated by org.testng.reporters.JUnitReportReporter -->
<testsuite skipped="4" hostname="DESKTOP-P48RHB2"
	name="createScreen.checkUI" tests="7" failures="0"
	timestamp="2019-09-26T15:11:39 ICT" time="1.198" errors="0">
	<testcase name="buttonDefaultQualiy" time="1.007"
		classname="createScreen.checkUI" />
	<testcase name="defaultName" time="0.083"
		classname="createScreen.checkUI" />
	<testcase name="defaultTimeRecord" time="0.108"
		classname="createScreen.checkUI" />
	<testcase name="iconSetting" classname="createScreen.checkUI">
		<skipped />
	</testcase> <!-- iconSetting -->
	<testcase name="buttonStart" classname="createScreen.checkUI">
		<skipped />
	</testcase> <!-- buttonStart -->
	<testcase name="doubleClickQualityButton"
		classname="createScreen.checkUI">
		<skipped />
	</testcase> <!-- doubleClickQualityButton -->
	<testcase name="buttonPause" classname="createScreen.checkUI">
		<skipped />
	</testcase> <!-- buttonPause -->
</testsuite> <!-- createScreen.checkUI -->
