<?xml version="1.0" encoding="UTF-8"?>
<!-- Generated by org.testng.reporters.JUnitReportReporter -->
<testsuite skipped="0" hostname="LAPTOP-OKLK235S"
	name="setup.setup" tests="1" failures="0"
	timestamp="09 May 2019 04:41:34 GMT" time="19.483" errors="0">
	<testcase name="start" time="19.483" classname="setup.setup" />
</testsuite> <!-- setup.setup -->
