<?xml version="1.0" encoding="UTF-8"?>
<!-- Generated by org.testng.reporters.JUnitReportReporter -->
<testsuite skipped="0" hostname="DESKTOP-P48RHB2" name="createScreen.RecordNameIsNull" tests="1" failures="0" timestamp="2019-10-16T16:52:58 ICT" time="15.277" errors="0">
  <testcase name="testNameIsNull" time="15.277" classname="createScreen.RecordNameIsNull"/>
</testsuite> <!-- createScreen.RecordNameIsNull -->
